<?xml version="1.0" encoding="UTF-8"?>
<!-- Generated by org.testng.reporters.JUnitReportReporter -->
<testsuite hostname="DESKTOP-R7HKC99" failures="0" tests="1" name="Major_functions.Remove_tenant" time="9.363" errors="0" timestamp="2025-06-24T11:27:34 IST" skipped="0">
  <testcase classname="Major_functions.Remove_tenant" name="delete" time="9.363"/>
  <system-out>
    <![CDATA[ChromeDriver initialized
Navigated to Login page
Entered Email
Entered Password
Clicked on Login button
Implicit wait set for 2 seconds
select the property
Clicked on Delete button for tenant
Confirmed tenant deletion
Waited for 3 seconds
Closed the browser]]>
  </system-out>
</testsuite> <!-- Major_functions.Remove_tenant -->
