<?xml version="1.0" encoding="UTF-8"?>
<!-- Generated by org.testng.reporters.JUnitReportReporter -->
<testsuite hostname="DESKTOP-R7HKC99" failures="0" tests="1" name="Vizismart.squares.H_RemoveProperty" time="14.394" errors="0" timestamp="2024-08-28T10:02:15 IST" skipped="0">
  <testcase classname="Vizismart.squares.H_RemoveProperty" name="remove" time="14.394">
    <system-out>
      <![CDATA[ChromeDriver initialized
Navigated to Login page
Entered Email: testingforvizi@gmail.com
Entered Password
Clicked on Login button
Implicit wait set for 2 seconds
Clicked on Property icon
Selected a property
Clicked on Remove button
Confirmed removal of the property
Waited for 3 seconds
Closed the browser]]>
    </system-out>
  </testcase> <!-- remove -->
  <system-out>
    <![CDATA[ChromeDriver initialized
Navigated to Login page
Entered Email: testingforvizi@gmail.com
Entered Password
Clicked on Login button
Implicit wait set for 2 seconds
Clicked on Property icon
Selected a property
Clicked on Remove button
Confirmed removal of the property
Waited for 3 seconds
Closed the browser]]>
  </system-out>
</testsuite> <!-- Vizismart.squares.H_RemoveProperty -->
