<?xml version="1.0" encoding="UTF-8"?>
<!-- Generated by org.testng.reporters.JUnitReportReporter -->
<testsuite hostname="DESKTOP-R7HKC99" failures="0" tests="1" name="A_Positive_Testing.DA_LogoutForVendor" time="13.516" errors="0" timestamp="2025-01-06T17:06:14 IST" skipped="0">
  <testcase classname="A_Positive_Testing.DA_LogoutForVendor" name="logout" time="13.516"/>
  <system-out>
    <![CDATA[ChromeDriver initialized
Navigated to Login page
Entered Email
Entered Password
Clicked on Login button
Clicked on corner bar to expand menu
Clicked on Logout button
Waited for 4 seconds
Closed the browser]]>
  </system-out>
</testsuite> <!-- A_Positive_Testing.DA_LogoutForVendor -->
