<?xml version="1.0" encoding="UTF-8"?>
<!-- Generated by org.testng.reporters.JUnitReportReporter -->
<testsuite hostname="DESKTOP-R7HKC99" failures="0" tests="1" name="A_Positive_Testing.AB_SignupAsVendor" time="18.257" errors="0" timestamp="2025-01-24T10:58:59 IST" skipped="0">
  <testcase classname="A_Positive_Testing.AB_SignupAsVendor" name="Signup_page" time="18.257"/>
  <system-out>
    <![CDATA[Navigated to Signup page
Entered First Name: Kalyani
Entered Last Name: Deshmukh
Entered Email: tkhzobsxyz@gmail.com
Entered Phone Number: 4543417204
Entered Password
Entered Confirm Password
Checked Terms and Conditions
Clicked on Submit button
Selected role]]>
  </system-out>
</testsuite> <!-- A_Positive_Testing.AB_SignupAsVendor -->
