<?xml version="1.0" encoding="UTF-8"?>
<!-- Generated by org.testng.reporters.JUnitReportReporter -->
<testsuite hostname="DESKTOP-R7HKC99" failures="0" tests="1" name="A_Positive_Testing.CA_LoginOfVendorUsingPhoneNo" time="6.981" errors="0" timestamp="2025-01-06T17:06:14 IST" skipped="0">
  <testcase classname="A_Positive_Testing.CA_LoginOfVendorUsingPhoneNo" name="login_page" time="6.981"/>
  <system-out>
    <![CDATA[ChromeDriver initialized
Navigated to Login page
Entered Email
Entered Password
Clicked on Login button
Waited for 2 seconds
Closed the browser]]>
  </system-out>
</testsuite> <!-- A_Positive_Testing.CA_LoginOfVendorUsingPhoneNo -->
