<?xml version="1.0" encoding="UTF-8"?>
<!-- Generated by org.testng.reporters.JUnitReportReporter -->
<testsuite hostname="DESKTOP-R7HKC99" failures="0" tests="1" name="Vizismart.squares.N_TicketApproveByPM" time="11.331" errors="0" timestamp="2024-09-03T15:20:12 IST" skipped="0">
  <testcase classname="Vizismart.squares.N_TicketApproveByPM" name="approve" time="11.331">
    <system-out>
      <![CDATA[ChromeDriver initialized
Navigated to Login page
Entered Email: kalyanideshmukh778@gmail.com
Entered Password
Clicked on Login button
Clicked on Notification icon
Found the notification element
Clicked on notification using WebElement click
Clicked on Approve button using JavaScript Executor
Browser closed]]>
    </system-out>
  </testcase> <!-- approve -->
  <system-out>
    <![CDATA[ChromeDriver initialized
Navigated to Login page
Entered Email: kalyanideshmukh778@gmail.com
Entered Password
Clicked on Login button
Clicked on Notification icon
Found the notification element
Clicked on notification using WebElement click
Clicked on Approve button using JavaScript Executor
Browser closed]]>
  </system-out>
</testsuite> <!-- Vizismart.squares.N_TicketApproveByPM -->
