<?xml version="1.0" encoding="UTF-8"?>
<!-- Generated by org.testng.reporters.JUnitReportReporter -->
<testsuite hostname="DESKTOP-R7HKC99" failures="0" tests="1" name="Vizismart.squares.FA_AddSingleFamily" time="13.961" errors="0" timestamp="2024-11-13T15:05:08 IST" skipped="0">
  <testcase classname="Vizismart.squares.FA_AddSingleFamily" name="add" time="13.961"/>
  <system-out/>
</testsuite> <!-- Vizismart.squares.FA_AddSingleFamily -->
