<?xml version="1.0" encoding="UTF-8"?>
<!-- Generated by org.testng.reporters.JUnitReportReporter -->
<testsuite hostname="DESKTOP-R7HKC99" failures="0" tests="1" name="Vizismart.squares.AJ_OnbaordVendor" time="9.176" errors="0" timestamp="2024-12-30T10:53:13 IST" skipped="0">
  <testcase classname="Vizismart.squares.AJ_OnbaordVendor" name="Onboard" time="9.176"/>
  <system-out>
    <![CDATA[ChromeDriver initialized
Navigated to Login page
Entered Email
Entered Password
Clicked on Login button
Implicit wait set for 2 seconds
Select property to add vendor
Clicked on Vendor section
Clicked on Add Vendor icon
Clicked on Add onboard Vendor
Clicked on Add onboard Vendor
Clicked on Add onboard Vendor
Clicked on Add onboard Vendor
Clicked on Add onboard Vendor
Clicked on Add onboard Vendor
Clicked on Add onboard Vendor
Waited for 2 seconds
Closed the browser]]>
  </system-out>
</testsuite> <!-- Vizismart.squares.AJ_OnbaordVendor -->
