<?xml version="1.0" encoding="UTF-8"?>
<!-- Generated by org.testng.reporters.JUnitReportReporter -->
<testsuite hostname="DESKTOP-R7HKC99" failures="0" tests="1" name="Vizismart.squares.A_Signup" time="14.488" errors="0" timestamp="2024-12-11T11:20:11 IST" skipped="0">
  <testcase classname="Vizismart.squares.A_Signup" name="Signup_page" time="14.488"/>
  <system-out>
    <![CDATA[Navigated to Signup page
Entered First Name: Kalyani
Entered Last Name: Deshmukh
Entered Password
Entered Confirm Password
Checked Terms and Conditions
Clicked on Submit button
Waited for 4 seconds
Closed the browser]]>
  </system-out>
</testsuite> <!-- Vizismart.squares.A_Signup -->
