<?xml version="1.0" encoding="UTF-8"?>
<!-- Generated by org.testng.reporters.JUnitReportReporter -->
<testsuite hostname="DESKTOP-IA9C473" failures="0" tests="1" name="Vizismart.squares.J_VendorRequestApproveByPM" time="8.017" errors="0" timestamp="2024-07-24T11:03:50 IST" skipped="0">
  <testcase classname="Vizismart.squares.J_VendorRequestApproveByPM" name="vendor_request" time="8.017"/>
</testsuite> <!-- Vizismart.squares.J_VendorRequestApproveByPM -->
