<?xml version="1.0" encoding="UTF-8"?>
<!-- Generated by org.testng.reporters.JUnitReportReporter -->
<testsuite hostname="DESKTOP-R7HKC99" failures="0" tests="1" name="A_Positive_Testing.AG_DeleteTenant" time="9.687" errors="0" timestamp="2025-01-24T10:38:21 IST" skipped="0">
  <testcase classname="A_Positive_Testing.AG_DeleteTenant" name="delete" time="9.687"/>
  <system-out>
    <![CDATA[ChromeDriver initialized
Navigated to Login page
Entered Email
Entered Password
Clicked on Login button
Implicit wait set for 2 seconds
select the property
Clicked on Delete button for tenant
Confirmed tenant deletion
Waited for 3 seconds
Closed the browser]]>
  </system-out>
</testsuite> <!-- A_Positive_Testing.AG_DeleteTenant -->
