<?xml version="1.0" encoding="UTF-8"?>
<!-- Generated by org.testng.reporters.JUnitReportReporter -->
<testsuite hostname="DESKTOP-R7HKC99" failures="0" tests="1" name="Vizismart.squares.LoginOfVendorUsingPhoneNo" time="12.990" errors="0" timestamp="2024-11-12T15:53:51 IST" skipped="0">
  <testcase classname="Vizismart.squares.LoginOfVendorUsingPhoneNo" name="login_page" time="12.990"/>
  <system-out>
    <![CDATA[ChromeDriver initialized
Navigated to Login page
Entered Email: testingforvizi@gmail.com
Entered Password
Clicked on Login button
Waited for 2 seconds
Closed the browser]]>
  </system-out>
</testsuite> <!-- Vizismart.squares.LoginOfVendorUsingPhoneNo -->
