<?xml version="1.0" encoding="UTF-8"?>
<!-- Generated by org.testng.reporters.JUnitReportReporter -->
<testsuite hostname="DESKTOP-IA9C473" failures="0" tests="1" name="Vizismart.squares.TenantConversation" time="13.312" errors="0" timestamp="2024-07-23T14:32:32 IST" skipped="0">
  <testcase classname="Vizismart.squares.TenantConversation" name="conversation" time="13.312"/>
</testsuite> <!-- Vizismart.squares.TenantConversation -->
