<?xml version="1.0" encoding="UTF-8"?>
<!-- Generated by org.testng.reporters.JUnitReportReporter -->
<testsuite hostname="DESKTOP-R7HKC99" failures="0" tests="1" name="A_Positive_Testing.AA_SignupASLandlord" time="17.743" errors="0" timestamp="2025-03-10T11:33:17 IST" skipped="0">
  <testcase classname="A_Positive_Testing.AA_SignupASLandlord" name="Signup_page" time="17.743"/>
  <system-out>
    <![CDATA[Navigated to Signup page
Entered First Name: Kalyani
Entered Last Name: Deshmukh
Entered Email: polvvvawcx@gmail.com
Entered Phone Number: 3720897122
Entered Password
Entered Confirm Password
Checked Terms and Conditions
Clicked on Submit button
Selected role
Selected communication preference successfully
Clicked on email checkbox as preferred communication
Waited for 4 seconds
Closed the browser]]>
  </system-out>
</testsuite> <!-- A_Positive_Testing.AA_SignupASLandlord -->
