<?xml version="1.0" encoding="UTF-8"?>
<!-- Generated by org.testng.reporters.JUnitReportReporter -->
<testsuite hostname="DESKTOP-R7HKC99" failures="0" tests="1" name="A_Positive_Testing.AN_RemoveManager" time="11.364" errors="0" timestamp="2025-06-24T11:20:15 IST" skipped="0">
  <testcase classname="A_Positive_Testing.AN_RemoveManager" name="remove" time="11.364"/>
  <system-out>
    <![CDATA[ChromeDriver initialized
Navigated to Login page
Entered Email
Entered Password
Clicked on Login button
Implicit wait set for 2 seconds
Select property to add vendor]]>
  </system-out>
</testsuite> <!-- A_Positive_Testing.AN_RemoveManager -->
