<?xml version="1.0" encoding="UTF-8"?>
<!-- Generated by org.testng.reporters.JUnitReportReporter -->
<testsuite hostname="DESKTOP-R7HKC99" failures="0" tests="1" name="Vizismart.squares.HA_ApproveQuoteByPM" time="15.761" errors="0" timestamp="2024-12-30T12:05:57 IST" skipped="0">
  <testcase classname="Vizismart.squares.HA_ApproveQuoteByPM" name="ApproveQuote" time="15.761"/>
  <system-out>
    <![CDATA[ChromeDriver initialized
Navigated to Login page
Entered Email
Entered Password
Clicked on Login button
Waited for 3 seconds]]>
  </system-out>
</testsuite> <!-- Vizismart.squares.HA_ApproveQuoteByPM -->
