<?xml version="1.0" encoding="UTF-8"?>
<!-- Generated by org.testng.reporters.JUnitReportReporter -->
<testsuite hostname="DESKTOP-R7HKC99" failures="0" tests="1" name="Vizismart.squares.E_RaisedTicket" time="22.194" errors="0" timestamp="2024-12-30T10:53:13 IST" skipped="0">
  <testcase classname="Vizismart.squares.E_RaisedTicket" name="raise" time="22.194"/>
  <system-out>
    <![CDATA[ChromeDriver initialized
Navigated to Login page
Entered Email
Entered Password
Clicked on Login button
Clicked on Conversation icon
Browser closed]]>
  </system-out>
</testsuite> <!-- Vizismart.squares.E_RaisedTicket -->
