<?xml version="1.0" encoding="UTF-8"?>
<!-- Generated by org.testng.reporters.JUnitReportReporter -->
<testsuite hostname="DESKTOP-R7HKC99" failures="0" tests="1" name="A_Positive_Testing.AM_OnboardManager" time="10.403" errors="0" timestamp="2025-01-24T12:13:31 IST" skipped="0">
  <testcase classname="A_Positive_Testing.AM_OnboardManager" name="onboard" time="10.403"/>
  <system-out>
    <![CDATA[ChromeDriver initialized
Navigated to Login page
Entered Email
Entered Password
Clicked on Login button
Implicit wait set for 2 seconds
Select property to add vendor]]>
  </system-out>
</testsuite> <!-- A_Positive_Testing.AM_OnboardManager -->
