<?xml version="1.0" encoding="UTF-8"?>
<!-- Generated by org.testng.reporters.JUnitReportReporter -->
<testsuite hostname="DESKTOP-R7HKC99" failures="0" tests="1" name="Vizismart.squares.IA_RescheduleByTenant" time="17.075" errors="0" timestamp="2024-12-30T12:21:54 IST" skipped="0">
  <testcase classname="Vizismart.squares.IA_RescheduleByTenant" name="reschedule" time="17.075"/>
  <system-out>
    <![CDATA[ChromeDriver initialized
Navigated to Login page
Entered Email
Entered Password
Clicked on Login button
Waited for 3 seconds]]>
  </system-out>
</testsuite> <!-- Vizismart.squares.IA_RescheduleByTenant -->
