<?xml version="1.0" encoding="UTF-8"?>
<!-- Generated by org.testng.reporters.JUnitReportReporter -->
<testsuite hostname="DESKTOP-R7HKC99" failures="0" tests="1" name="Negative_Testing.FB_DeclineTicketBYPM" time="16.828" errors="0" timestamp="2025-01-06T14:26:47 IST" skipped="0">
  <testcase classname="Negative_Testing.FB_DeclineTicketBYPM" name="declineByPM" time="16.828"/>
  <system-out>
    <![CDATA[ChromeDriver initialized
Navigated to Login page
Entered Email
Entered Password
Clicked on Login button
Clicked on smart panel]]>
  </system-out>
</testsuite> <!-- Negative_Testing.FB_DeclineTicketBYPM -->
