<?xml version="1.0" encoding="UTF-8"?>
<!-- Generated by org.testng.reporters.JUnitReportReporter -->
<testsuite hostname="DESKTOP-R7HKC99" failures="0" tests="1" name="A_Positive_Testing.GA_ApproveTicketBYVendor" time="13.026" errors="0" timestamp="2024-12-31T11:53:27 IST" skipped="0">
  <testcase classname="A_Positive_Testing.GA_ApproveTicketBYVendor" name="ApproveByVendor" time="13.026"/>
  <system-out>
    <![CDATA[ChromeDriver initialized
Navigated to Login page
Entered Email
Entered Password
Clicked on Login button
Waited for 3 seconds]]>
  </system-out>
</testsuite> <!-- A_Positive_Testing.GA_ApproveTicketBYVendor -->
