<?xml version="1.0" encoding="UTF-8"?>
<!-- Generated by org.testng.reporters.JUnitReportReporter -->
<testsuite hostname="DESKTOP-R7HKC99" failures="0" tests="1" name="Vizismart.squares.DA_LogoutForVendor" time="8.227" errors="0" timestamp="2024-12-30T10:53:13 IST" skipped="0">
  <testcase classname="Vizismart.squares.DA_LogoutForVendor" name="logout" time="8.227"/>
  <system-out>
    <![CDATA[ChromeDriver initialized
Navigated to Login page
Entered Email
Entered Password
Clicked on Login button
Clicked on corner bar to expand menu
Clicked on Logout button
Waited for 4 seconds
Closed the browser]]>
  </system-out>
</testsuite> <!-- Vizismart.squares.DA_LogoutForVendor -->
