<?xml version="1.0" encoding="UTF-8"?>
<!-- Generated by org.testng.reporters.JUnitReportReporter -->
<testsuite hostname="DESKTOP-R7HKC99" failures="0" tests="1" name="Major_functions.Onboard_Landlord" time="15.184" errors="0" timestamp="2025-06-24T12:35:40 IST" skipped="0">
  <testcase classname="Major_functions.Onboard_Landlord" name="onboard" time="15.184"/>
  <system-out>
    <![CDATA[ChromeDriver initialized
Navigated to Login page
Entered Email
Entered Password
Clicked on Login button
Implicit wait set for 2 seconds
Select property to add vendor]]>
  </system-out>
</testsuite> <!-- Major_functions.Onboard_Landlord -->
