<?xml version="1.0" encoding="UTF-8"?>
<!-- Generated by org.testng.reporters.JUnitReportReporter -->
<testsuite hostname="DESKTOP-R7HKC99" failures="0" tests="1" name="Major_functions.Add_multifamily_Property" time="13.906" errors="0" timestamp="2025-06-02T11:51:21 IST" skipped="0">
  <testcase classname="Major_functions.Add_multifamily_Property" name="add" time="13.906"/>
  <system-out>
    <![CDATA[ChromeDriver initialized
Navigated to Login page
Entered email address
Entered Password
Clicked on Login button
Clicked on Property icon
Click on multi-familty property
Entered the address.
Entered the city.
Entered the state.
Entered the zip code.
Clicked on save button]]>
  </system-out>
</testsuite> <!-- Major_functions.Add_multifamily_Property -->
