<?xml version="1.0" encoding="UTF-8"?>
<!-- Generated by org.testng.reporters.JUnitReportReporter -->
<testsuite hostname="DESKTOP-R7HKC99" failures="0" tests="1" name="A_Positive_Testing.EB_RaiseTicket" time="23.126" errors="0" timestamp="2025-01-06T17:06:14 IST" skipped="0">
  <testcase classname="A_Positive_Testing.EB_RaiseTicket" name="raiseticket" time="23.126"/>
  <system-out>
    <![CDATA[ChromeDriver initialized
Navigated to Login page
Entered Email
Entered Password
Clicked on Login button
Clicked on Conversation icon
Browser closed]]>
  </system-out>
</testsuite> <!-- A_Positive_Testing.EB_RaiseTicket -->
