<?xml version="1.0" encoding="UTF-8"?>
<!-- Generated by org.testng.reporters.JUnitReportReporter -->
<testsuite hostname="DESKTOP-R7HKC99" failures="0" tests="1" name="A_Positive_Testing.AK_RemoveProperty" time="10.682" errors="0" timestamp="2025-01-24T10:38:21 IST" skipped="0">
  <testcase classname="A_Positive_Testing.AK_RemoveProperty" name="remove" time="10.682"/>
  <system-out>
    <![CDATA[ChromeDriver initialized
Navigated to Login page
Entered Email
Entered Password
Clicked on Login button
Selected property to add vendor
Removed the property successfully.]]>
  </system-out>
</testsuite> <!-- A_Positive_Testing.AK_RemoveProperty -->
