<?xml version="1.0" encoding="UTF-8"?>
<!-- Generated by org.testng.reporters.JUnitReportReporter -->
<testsuite hostname="DESKTOP-IA9C473" failures="0" tests="1" name="Vizismart.squares.TicketApproveByPM" time="7.207" errors="0" timestamp="2024-07-24T09:26:24 IST" skipped="0">
  <testcase classname="Vizismart.squares.TicketApproveByPM" name="ticket_approve" time="7.207"/>
</testsuite> <!-- Vizismart.squares.TicketApproveByPM -->
