<?xml version="1.0" encoding="UTF-8"?>
<!-- Generated by org.testng.reporters.JUnitReportReporter -->
<testsuite hostname="DESKTOP-R7HKC99" failures="0" tests="1" name="A_Positive_Testing.AF_AddTenant" time="11.651" errors="0" timestamp="2025-05-16T12:12:56 IST" skipped="0">
  <testcase classname="A_Positive_Testing.AF_AddTenant" name="add" time="11.651"/>
  <system-out>
    <![CDATA[ChromeDriver initialized
Navigated to Login page
Entered Email
Entered Password
Clicked on Login button
Implicit wait set for 2 seconds
Select property to add vendor
Clicked on Add Tenant button
Entered First Name: temp
Entered Last Name: tenant
Entered Email
Entered Phone Number
Clicked on Save button
Waited for 2 seconds
Closed the browser]]>
  </system-out>
</testsuite> <!-- A_Positive_Testing.AF_AddTenant -->
