<?xml version="1.0" encoding="UTF-8"?>
<!-- Generated by org.testng.reporters.JUnitReportReporter -->
<testsuite hostname="DESKTOP-R7HKC99" failures="0" tests="1" name="A_Positive_Testing.AC_Add_Single_family_Property" time="8.093" errors="0" timestamp="2025-01-24T10:38:21 IST" skipped="0">
  <testcase classname="A_Positive_Testing.AC_Add_Single_family_Property" name="add" time="8.093"/>
  <system-out>
    <![CDATA[ChromeDriver initialized
Navigated to Login page
Entered email address
Entered Password
Clicked on Login button
Clicked on Property icon
Entered the address.
Entered the city.
Entered the state.
Entered the zip code.
Clicked on save button]]>
  </system-out>
</testsuite> <!-- A_Positive_Testing.AC_Add_Single_family_Property -->
