<?xml version="1.0" encoding="UTF-8"?>
<!-- Generated by org.testng.reporters.JUnitReportReporter -->
<testsuite hostname="DESKTOP-IA9C473" failures="0" tests="1" name="Vizismart.squares.TicketAcceptByVendor" time="7.686" errors="0" timestamp="2024-07-24T09:30:29 IST" skipped="0">
  <testcase classname="Vizismart.squares.TicketAcceptByVendor" name="ticket_accept" time="7.686"/>
</testsuite> <!-- Vizismart.squares.TicketAcceptByVendor -->
