<?xml version="1.0" encoding="UTF-8"?>
<!-- Generated by org.testng.reporters.JUnitReportReporter -->
<testsuite hostname="DESKTOP-IA9C473" failures="0" tests="1" name="Vizismart.squares.Q_FeedbakModule" time="6.805" errors="0" timestamp="2024-07-25T09:53:52 IST" skipped="0">
  <testcase classname="Vizismart.squares.Q_FeedbakModule" name="feedback" time="6.805"/>
</testsuite> <!-- Vizismart.squares.Q_FeedbakModule -->
