<?xml version="1.0" encoding="UTF-8"?>
<!-- Generated by org.testng.reporters.JUnitReportReporter -->
<testsuite hostname="DESKTOP-R7HKC99" failures="0" tests="1" name="Vizismart.squares.AE_ActivateProperty" time="11.826" errors="0" timestamp="2024-12-30T10:53:13 IST" skipped="0">
  <testcase classname="Vizismart.squares.AE_ActivateProperty" name="activate" time="11.826"/>
  <system-out>
    <![CDATA[ChromeDriver initialized
Navigated to Login page
Entered Email
Entered Password
Clicked on Login button
Implicit wait set for 2 seconds
Clicked on Activate toggle button
Clicked on Sure button to confirm activation
Waited for 4 seconds
Closed the browser]]>
  </system-out>
</testsuite> <!-- Vizismart.squares.AE_ActivateProperty -->
