<?xml version="1.0" encoding="UTF-8"?>
<!-- Generated by org.testng.reporters.JUnitReportReporter -->
<testsuite hostname="DESKTOP-IA9C473" failures="0" tests="1" name="Vizismart.squares.LoginForPM" time="27.949" errors="0" timestamp="2024-07-22T18:09:17 IST" skipped="0">
  <testcase classname="Vizismart.squares.LoginForPM" name="login_page" time="27.949"/>
</testsuite> <!-- Vizismart.squares.LoginForPM -->
