<?xml version="1.0" encoding="UTF-8"?>
<!-- Generated by org.testng.reporters.JUnitReportReporter -->
<testsuite hostname="DESKTOP-R7HKC99" failures="0" tests="1" name="A_Positive_Testing.A_SignupAsPM" time="24.114" errors="0" timestamp="2025-03-10T11:32:23 IST" skipped="0">
  <testcase classname="A_Positive_Testing.A_SignupAsPM" name="Signup_page" time="24.114"/>
  <system-out>
    <![CDATA[Navigated to Signup page
Entered First Name: Kalyani
Entered Last Name: Deshmukh
Entered Email: nvxlidxa@gmail.com
Entered Phone Number: 2976058076
Entered Password
Entered Confirm Password
Checked Terms and Conditions
Clicked on Submit button
Selected role
Selected communication preference successfully
Clicked on email checkbox as preferred communication
Waited for 4 seconds
Closed the browser]]>
  </system-out>
</testsuite> <!-- A_Positive_Testing.A_SignupAsPM -->
