<?xml version="1.0" encoding="UTF-8"?>
<!-- Generated by org.testng.reporters.JUnitReportReporter -->
<testsuite hostname="DESKTOP-R7HKC99" failures="0" tests="1" name="Vizismart.squares.FA_TicketApproveWithBiddingOFF" time="22.396" errors="0" timestamp="2024-12-30T10:53:13 IST" skipped="0">
  <testcase classname="Vizismart.squares.FA_TicketApproveWithBiddingOFF" name="approve" time="22.396"/>
  <system-out>
    <![CDATA[ChromeDriver initialized
Navigated to Login page
Entered Email
Entered Password
Clicked on Login button
Clicked on smart panel
Click on the maintenance ticket
clicked on approve button]]>
  </system-out>
</testsuite> <!-- Vizismart.squares.FA_TicketApproveWithBiddingOFF -->
