<?xml version="1.0" encoding="UTF-8"?>
<!-- Generated by org.testng.reporters.JUnitReportReporter -->
<testsuite hostname="DESKTOP-R7HKC99" failures="0" tests="1" name="Vizismart.squares.F_AddProperty" time="14.166" errors="0" timestamp="2024-08-28T09:54:31 IST" skipped="0">
  <testcase classname="Vizismart.squares.F_AddProperty" name="add_property" time="14.166">
    <system-out>
      <![CDATA[ChromeDriver initialized
Browser window maximized
Navigated to Home page
Entered Email: testingforvizi@gmail.com
Entered Password
Clicked on Login button
Implicit wait set for 2 seconds
Clicked on Property icon
Clicked on Add Property button
Entered Property Address: sai housing society
Entered Property City: Rahuri
Entered Property State: Maharashtra
Entered Property Zipcode: 422605
Double-clicked on Save Property button
Property added successfully
Waited for 3 seconds
Closed the browser]]>
    </system-out>
  </testcase> <!-- add_property -->
  <system-out>
    <![CDATA[ChromeDriver initialized
Browser window maximized
Navigated to Home page
Entered Email: testingforvizi@gmail.com
Entered Password
Clicked on Login button
Implicit wait set for 2 seconds
Clicked on Property icon
Clicked on Add Property button
Entered Property Address: sai housing society
Entered Property City: Rahuri
Entered Property State: Maharashtra
Entered Property Zipcode: 422605
Double-clicked on Save Property button
Property added successfully
Waited for 3 seconds
Closed the browser]]>
  </system-out>
</testsuite> <!-- Vizismart.squares.F_AddProperty -->
