<?xml version="1.0" encoding="UTF-8"?>
<!-- Generated by org.testng.reporters.JUnitReportReporter -->
<testsuite hostname="DESKTOP-IA9C473" failures="0" tests="1" name="Vizismart.squares.AddVendorModule" time="9.279" errors="0" timestamp="2024-07-23T12:16:17 IST" skipped="0">
  <testcase classname="Vizismart.squares.AddVendorModule" name="add_vendor" time="9.279"/>
</testsuite> <!-- Vizismart.squares.AddVendorModule -->
