<?xml version="1.0" encoding="UTF-8"?>
<!-- Generated by org.testng.reporters.JUnitReportReporter -->
<testsuite hostname="DESKTOP-IA9C473" failures="0" tests="1" name="Vizismart.squares.Login" time="8.728" errors="0" timestamp="2024-07-22T13:45:34 IST" skipped="0">
  <testcase classname="Vizismart.squares.Login" name="login_page" time="8.728"/>
</testsuite> <!-- Vizismart.squares.Login -->
