<?xml version="1.0" encoding="UTF-8"?>
<!-- Generated by org.testng.reporters.JUnitReportReporter -->
<testsuite hostname="DESKTOP-R7HKC99" failures="0" tests="1" name="Vizismart.squares.B_LoginForPM" time="10.153" errors="0" timestamp="2024-09-11T16:48:43 IST" skipped="0">
  <testcase classname="Vizismart.squares.B_LoginForPM" name="login_page" time="10.153">
    <system-out>
      <![CDATA[ChromeDriver initialized
Navigated to Login page
Entered Email: testingforvizi@gmail.com
Entered Password
Clicked on Login button
Waited for 2 seconds
Closed the browser]]>
    </system-out>
  </testcase> <!-- login_page -->
  <system-out>
    <![CDATA[ChromeDriver initialized
Navigated to Login page
Entered Email: testingforvizi@gmail.com
Entered Password
Clicked on Login button
Waited for 2 seconds
Closed the browser]]>
  </system-out>
</testsuite> <!-- Vizismart.squares.B_LoginForPM -->
