<?xml version="1.0" encoding="UTF-8"?>
<!-- Generated by org.testng.reporters.JUnitReportReporter -->
<testsuite hostname="DESKTOP-R7HKC99" failures="0" tests="1" name="Vizismart.squares.AI_RemoveVendor" time="58.072" errors="0" timestamp="2024-12-27T11:26:09 IST" skipped="0">
  <testcase classname="Vizismart.squares.AI_RemoveVendor" name="remove" time="58.072"/>
  <system-out>
    <![CDATA[Launching the application
Navigated to Login page
Entered Email
Entered Password
Clicked on Login button
Implicit wait set for 2 seconds
Select property to add vendor
Vendor removal confirmed
Closing the browser]]>
  </system-out>
</testsuite> <!-- Vizismart.squares.AI_RemoveVendor -->
