<?xml version="1.0" encoding="UTF-8"?>
<!-- Generated by org.testng.reporters.JUnitReportReporter -->
<testsuite hostname="DESKTOP-R7HKC99" failures="0" tests="1" name="Major_functions.Add_vendor" time="12.717" errors="0" timestamp="2025-06-24T11:27:34 IST" skipped="0">
  <testcase classname="Major_functions.Add_vendor" name="add" time="12.717"/>
  <system-out>
    <![CDATA[ChromeDriver initialized
Navigated to Login page
Entered Email
Entered Password
Clicked on Login button
Implicit wait set for 2 seconds
Select property to add vendor
Clicked on Add Vendor icon
Implicit wait set for 10 seconds
Search the vendor in the list
Clicked on assign button
Seleted first speciality of vendor
Clicked on submit button
Waited for 2 seconds
Closed the browser]]>
  </system-out>
</testsuite> <!-- Major_functions.Add_vendor -->
