<?xml version="1.0" encoding="UTF-8"?>
<!-- Generated by org.testng.reporters.JUnitReportReporter -->
<testsuite hostname="DESKTOP-IA9C473" failures="0" tests="1" name="Vizismart.squares.LoginForTenant" time="4.840" errors="0" timestamp="2024-07-23T09:42:35 IST" skipped="0">
  <testcase classname="Vizismart.squares.LoginForTenant" name="login" time="4.840"/>
</testsuite> <!-- Vizismart.squares.LoginForTenant -->
