<?xml version="1.0" encoding="UTF-8"?>
<!-- Generated by org.testng.reporters.JUnitReportReporter -->
<testsuite hostname="DESKTOP-R7HKC99" failures="0" tests="1" name="A_Positive_Testing.AI_RemoveVendor" time="10.408" errors="0" timestamp="2025-01-24T10:38:21 IST" skipped="0">
  <testcase classname="A_Positive_Testing.AI_RemoveVendor" name="remove" time="10.408"/>
  <system-out>
    <![CDATA[Launching the application
Navigated to Login page
Entered Email
Entered Password
Clicked on Login button
Implicit wait set for 2 seconds
Select property to add vendor
Vendor removal confirmed
Closing the browser]]>
  </system-out>
</testsuite> <!-- A_Positive_Testing.AI_RemoveVendor -->
