<?xml version="1.0" encoding="UTF-8"?>
<!-- Generated by org.testng.reporters.JUnitReportReporter -->
<testsuite hostname="DESKTOP-R7HKC99" failures="0" tests="1" name="Vizismart.squares.AG_DeleteTenant" time="9.935" errors="0" timestamp="2024-12-30T10:53:13 IST" skipped="0">
  <testcase classname="Vizismart.squares.AG_DeleteTenant" name="delete" time="9.935"/>
  <system-out>
    <![CDATA[ChromeDriver initialized
Navigated to Login page
Entered Email
Entered Password
Clicked on Login button
Implicit wait set for 2 seconds
select the property
Clicked on Delete button for tenant
Confirmed tenant deletion
Waited for 3 seconds
Closed the browser]]>
  </system-out>
</testsuite> <!-- Vizismart.squares.AG_DeleteTenant -->
