<?xml version="1.0" encoding="UTF-8"?>
<!-- Generated by org.testng.reporters.JUnitReportReporter -->
<testsuite hostname="DESKTOP-R7HKC99" failures="0" tests="1" name="Major_functions.Remove_Vendor" time="18.703" errors="0" timestamp="2025-06-24T09:44:30 IST" skipped="0">
  <testcase classname="Major_functions.Remove_Vendor" name="remove" time="18.703"/>
  <system-out>
    <![CDATA[Launching the application
Navigated to Login page
Entered Email
Entered Password
Clicked on Login button
Implicit wait set for 2 seconds
Select property to add vendor
Vendor removal confirmed
Closing the browser]]>
  </system-out>
</testsuite> <!-- Major_functions.Remove_Vendor -->
