<?xml version="1.0" encoding="UTF-8"?>
<!-- Generated by org.testng.reporters.JUnitReportReporter -->
<testsuite hostname="DESKTOP-IA9C473" failures="0" tests="1" name="Vizismart.squares.Signup" time="7.422" errors="0" timestamp="2024-07-22T12:25:12 IST" skipped="0">
  <testcase classname="Vizismart.squares.Signup" name="Signup_page" time="7.422"/>
</testsuite> <!-- Vizismart.squares.Signup -->
