<?xml version="1.0" encoding="UTF-8"?>
<!-- Generated by org.testng.reporters.JUnitReportReporter -->
<testsuite hostname="DESKTOP-IA9C473" failures="0" tests="1" name="Vizismart.squares.VendorRequestAcceptConfirmation" time="15.460" errors="0" timestamp="2024-07-24T13:08:57 IST" skipped="0">
  <testcase classname="Vizismart.squares.VendorRequestAcceptConfirmation" name="vendor_request" time="15.460"/>
</testsuite> <!-- Vizismart.squares.VendorRequestAcceptConfirmation -->
