<?xml version="1.0" encoding="UTF-8"?>
<!-- Generated by org.testng.reporters.JUnitReportReporter -->
<testsuite hostname="DESKTOP-R7HKC99" failures="0" tests="1" name="A_Positive_Testing.AE_ActivateProperty" time="12.412" errors="0" timestamp="2025-01-24T10:38:21 IST" skipped="0">
  <testcase classname="A_Positive_Testing.AE_ActivateProperty" name="activate" time="12.412"/>
  <system-out>
    <![CDATA[ChromeDriver initialized
Navigated to Login page
Entered Email
Entered Password
Clicked on Login button
Implicit wait set for 2 seconds
Clicked on Activate toggle button
Clicked on Sure button to confirm activation
Waited for 4 seconds
Closed the browser]]>
  </system-out>
</testsuite> <!-- A_Positive_Testing.AE_ActivateProperty -->
