<?xml version="1.0" encoding="UTF-8"?>
<!-- Generated by org.testng.reporters.JUnitReportReporter -->
<testsuite hostname="DESKTOP-R7HKC99" failures="0" tests="1" name="A_Positive_Testing.F_TicketApproveWithBiddingOn" time="22.171" errors="0" timestamp="2025-01-06T15:07:04 IST" skipped="0">
  <testcase classname="A_Positive_Testing.F_TicketApproveWithBiddingOn" name="approve" time="22.171"/>
  <system-out>
    <![CDATA[ChromeDriver initialized
Navigated to Login page
Entered Email
Entered Password
Clicked on Login button
Clicked on Notification icon
Click on the maintenance ticket
While approving the ticket make sure bidding is ON
Accept the bidding ON
clicked on approve button]]>
  </system-out>
</testsuite> <!-- A_Positive_Testing.F_TicketApproveWithBiddingOn -->
