<?xml version="1.0" encoding="UTF-8"?>
<!-- Generated by org.testng.reporters.JUnitReportReporter -->
<testsuite hostname="DESKTOP-R7HKC99" failures="0" tests="1" name="Vizismart.squares.E_LogoutForVendor" time="25.722" errors="0" timestamp="2024-11-13T11:59:29 IST" skipped="0">
  <testcase classname="Vizismart.squares.E_LogoutForVendor" name="logout" time="25.722"/>
  <system-out>
    <![CDATA[ChromeDriver initialized
Navigated to Login page
Entered Email: kalyanideshmukh102@gmail.com
Entered Password
Clicked on Login button
Clicked on corner bar to expand menu
Clicked on Logout button
Waited for 4 seconds
Closed the browser]]>
  </system-out>
</testsuite> <!-- Vizismart.squares.E_LogoutForVendor -->
