<?xml version="1.0" encoding="UTF-8"?>
<!-- Generated by org.testng.reporters.JUnitReportReporter -->
<testsuite hostname="DESKTOP-R7HKC99" failures="0" tests="1" name="A_Positive_Testing.LA_FeedbackFromPM" time="16.502" errors="0" timestamp="2025-01-24T12:04:41 IST" skipped="0">
  <testcase classname="A_Positive_Testing.LA_FeedbackFromPM" name="feedbackOFPM" time="16.502"/>
  <system-out>
    <![CDATA[ChromeDriver initialized
Navigated to Login page
Entered Email
Entered Password
Clicked on Login button
Clicked on corner bar to expand menu
Click on feedbak icon
Entered the feature input
Entered the feedback
Give rating as five.
Browser closed]]>
  </system-out>
</testsuite> <!-- A_Positive_Testing.LA_FeedbackFromPM -->
