<?xml version="1.0" encoding="UTF-8"?>
<!-- Generated by org.testng.reporters.JUnitReportReporter -->
<testsuite hostname="DESKTOP-R7HKC99" failures="0" tests="1" name="Major_functions.Remove_Property" time="9.724" errors="0" timestamp="2025-06-24T11:27:34 IST" skipped="0">
  <testcase classname="Major_functions.Remove_Property" name="remove" time="9.724"/>
  <system-out>
    <![CDATA[ChromeDriver initialized
Navigated to Login page
Entered Email
Entered Password
Clicked on Login button
Selected property to add vendor
Removed the property successfully.]]>
  </system-out>
</testsuite> <!-- Major_functions.Remove_Property -->
