<?xml version="1.0" encoding="UTF-8"?>
<!-- Generated by org.testng.reporters.JUnitReportReporter -->
<testsuite hostname="DESKTOP-IA9C473" failures="0" tests="1" name="Vizismart.squares.L_AddItemAndCostByVendor" time="7.091" errors="0" timestamp="2024-07-24T13:21:18 IST" skipped="0">
  <testcase classname="Vizismart.squares.L_AddItemAndCostByVendor" name="submission" time="7.091"/>
</testsuite> <!-- Vizismart.squares.L_AddItemAndCostByVendor -->
