<?xml version="1.0" encoding="UTF-8"?>
<!-- Generated by org.testng.reporters.JUnitReportReporter -->
<testsuite hostname="DESKTOP-IA9C473" failures="0" tests="1" name="Vizismart.squares.EditProfile" time="8.475" errors="0" timestamp="2024-07-23T17:31:54 IST" skipped="0">
  <testcase classname="Vizismart.squares.EditProfile" name="edit" time="8.475"/>
</testsuite> <!-- Vizismart.squares.EditProfile -->
