<?xml version="1.0" encoding="UTF-8"?>
<!-- Generated by org.testng.reporters.JUnitReportReporter -->
<testsuite hostname="DESKTOP-R7HKC99" failures="0" tests="1" name="Vizismart.squares.I_AddTenant" time="10.457" errors="0" timestamp="2024-08-28T10:04:23 IST" skipped="0">
  <testcase classname="Vizismart.squares.I_AddTenant" name="add" time="10.457">
    <system-out>
      <![CDATA[ChromeDriver initialized
Navigated to Login page
Entered Email: testingforvizi@gmail.com
Entered Password
Clicked on Login button
Implicit wait set for 2 seconds
Clicked on Property icon
Selected a property
Clicked on Add Tenant button
Entered First Name: temp
Entered Last Name: tenant
Entered Email: temp1@gmail.com
Entered Phone Number: 2374623876
Clicked on Save button
Waited for 2 seconds
Closed the browser]]>
    </system-out>
  </testcase> <!-- add -->
  <system-out>
    <![CDATA[ChromeDriver initialized
Navigated to Login page
Entered Email: testingforvizi@gmail.com
Entered Password
Clicked on Login button
Implicit wait set for 2 seconds
Clicked on Property icon
Selected a property
Clicked on Add Tenant button
Entered First Name: temp
Entered Last Name: tenant
Entered Email: temp1@gmail.com
Entered Phone Number: 2374623876
Clicked on Save button
Waited for 2 seconds
Closed the browser]]>
  </system-out>
</testsuite> <!-- Vizismart.squares.I_AddTenant -->
