<?xml version="1.0" encoding="UTF-8"?>
<!-- Generated by org.testng.reporters.JUnitReportReporter -->
<testsuite hostname="DESKTOP-R7HKC99" failures="0" tests="1" name="Vizismart.squares.B_LoginofPmUsingEmail" time="6.151" errors="0" timestamp="2024-12-30T10:53:13 IST" skipped="0">
  <testcase classname="Vizismart.squares.B_LoginofPmUsingEmail" name="login_page" time="6.151"/>
  <system-out>
    <![CDATA[ChromeDriver initialized
Navigated to Login page
Entered Email
Entered Password
Clicked on Login button
Waited for 2 seconds
Closed the browser]]>
  </system-out>
</testsuite> <!-- Vizismart.squares.B_LoginofPmUsingEmail -->
